2021-06-06  7:19:06 0 [Note] Using unique option prefix 'myisam_recover' is error-prone and can break in the future. Please use the full name 'myisam-recover-options' instead.
2021-06-06  7:19:06 0 [Note] InnoDB: Mutexes and rw_locks use Windows interlocked functions
2021-06-06  7:19:06 0 [Note] InnoDB: Uses event mutexes
2021-06-06  7:19:06 0 [Note] InnoDB: Compressed tables use zlib 1.2.11
2021-06-06  7:19:06 0 [Note] InnoDB: Number of pools: 1
2021-06-06  7:19:06 0 [Note] InnoDB: Using SSE2 crc32 instructions
2021-06-06  7:19:06 0 [Note] InnoDB: Initializing buffer pool, total size = 512M, instances = 1, chunk size = 128M
2021-06-06  7:19:06 0 [Note] InnoDB: Completed initialization of buffer pool
2021-06-06  7:19:07 0 [Note] InnoDB: 128 out of 128 rollback segments are active.
2021-06-06  7:19:07 0 [Note] InnoDB: Creating shared tablespace for temporary tables
2021-06-06  7:19:07 0 [Note] InnoDB: Setting file 'C:\moodle_wnmp_64\mariadb\data\ibtmp1' size to 12 MB. Physically writing the file full; Please wait ...
2021-06-06  7:19:07 0 [Note] InnoDB: File 'C:\moodle_wnmp_64\mariadb\data\ibtmp1' size is now 12 MB.
2021-06-06  7:19:07 0 [Note] InnoDB: Waiting for purge to start
2021-06-06  7:19:07 0 [Note] InnoDB: 10.4.19 started; log sequence number 29974637; transaction id 12665
2021-06-06  7:19:07 0 [Note] InnoDB: Loading buffer pool(s) from C:\moodle_wnmp_64\mariadb\data\ib_buffer_pool
2021-06-06  7:19:07 0 [Note] Plugin 'FEEDBACK' is disabled.
2021-06-06  7:19:07 0 [Note] Server socket created on IP: '::'.
2021-06-06  7:19:07 0 [Note] Reading of all Master_info entries succeeded
2021-06-06  7:19:07 0 [Note] Added new Master_info '' to hash table
2021-06-06  7:19:07 0 [Note] C:\moodle_wnmp_64\mariadb\bin\mysqld.exe: ready for connections.
Version: '10.4.19-MariaDB'  socket: ''  port: 3366  mariadb.org binary distribution
2021-06-06  7:19:08 0 [Note] InnoDB: Buffer pool(s) load completed at 210606  7:19:08
2021-06-06  7:19:45 0 [Note] C:\moodle_wnmp_64\mariadb\bin\mysqld.exe (initiated by: unknown): Normal shutdown
2021-06-06  7:19:45 0 [Note] Event Scheduler: Purging the queue. 0 events
2021-06-06  7:19:45 0 [Note] InnoDB: FTS optimize thread exiting.
2021-06-06  7:19:45 0 [Note] InnoDB: Starting shutdown...
2021-06-06  7:19:45 0 [Note] InnoDB: Dumping buffer pool(s) to C:\moodle_wnmp_64\mariadb\data\ib_buffer_pool
2021-06-06  7:19:45 0 [Note] InnoDB: Buffer pool(s) dump completed at 210606  7:19:45
2021-06-06  7:19:46 0 [Note] InnoDB: Removed temporary tablespace data file: "ibtmp1"
2021-06-06  7:19:46 0 [Note] InnoDB: Shutdown completed; log sequence number 29974646; transaction id 12666
2021-06-06  7:19:46 0 [Note] C:\moodle_wnmp_64\mariadb\bin\mysqld.exe: Shutdown complete

2021-06-06  7:19:53 0 [Note] Using unique option prefix 'myisam_recover' is error-prone and can break in the future. Please use the full name 'myisam-recover-options' instead.
2021-06-06  7:19:53 0 [Note] InnoDB: Mutexes and rw_locks use Windows interlocked functions
2021-06-06  7:19:53 0 [Note] InnoDB: Uses event mutexes
2021-06-06  7:19:53 0 [Note] InnoDB: Compressed tables use zlib 1.2.11
2021-06-06  7:19:53 0 [Note] InnoDB: Number of pools: 1
2021-06-06  7:19:53 0 [Note] InnoDB: Using SSE2 crc32 instructions
2021-06-06  7:19:53 0 [Note] InnoDB: Initializing buffer pool, total size = 512M, instances = 1, chunk size = 128M
2021-06-06  7:19:53 0 [Note] InnoDB: Completed initialization of buffer pool
2021-06-06  7:19:54 0 [Note] InnoDB: 128 out of 128 rollback segments are active.
2021-06-06  7:19:54 0 [Note] InnoDB: Creating shared tablespace for temporary tables
2021-06-06  7:19:54 0 [Note] InnoDB: Setting file 'C:\moodle_wnmp_64\mariadb\data\ibtmp1' size to 12 MB. Physically writing the file full; Please wait ...
2021-06-06  7:19:54 0 [Note] InnoDB: File 'C:\moodle_wnmp_64\mariadb\data\ibtmp1' size is now 12 MB.
2021-06-06  7:19:54 0 [Note] InnoDB: Waiting for purge to start
2021-06-06  7:19:54 0 [Note] InnoDB: 10.4.19 started; log sequence number 29974646; transaction id 12665
2021-06-06  7:19:54 0 [Note] InnoDB: Loading buffer pool(s) from C:\moodle_wnmp_64\mariadb\data\ib_buffer_pool
2021-06-06  7:19:54 0 [Note] Plugin 'FEEDBACK' is disabled.
2021-06-06  7:19:54 0 [Note] Server socket created on IP: '::'.
2021-06-06  7:19:54 0 [Note] Reading of all Master_info entries succeeded
2021-06-06  7:19:54 0 [Note] Added new Master_info '' to hash table
2021-06-06  7:19:54 0 [Note] C:\moodle_wnmp_64\mariadb\bin\mysqld.exe: ready for connections.
Version: '10.4.19-MariaDB'  socket: ''  port: 3366  mariadb.org binary distribution
2021-06-06  7:19:54 0 [Note] InnoDB: Buffer pool(s) load completed at 210606  7:19:54
2021-06-06  7:21:03 0 [Note] C:\moodle_wnmp_64\mariadb\bin\mysqld.exe (initiated by: unknown): Normal shutdown
2021-06-06  7:21:03 0 [Note] Event Scheduler: Purging the queue. 0 events
2021-06-06  7:21:03 0 [Note] InnoDB: FTS optimize thread exiting.
2021-06-06  7:21:03 0 [Note] InnoDB: Starting shutdown...
2021-06-06  7:21:03 0 [Note] InnoDB: Dumping buffer pool(s) to C:\moodle_wnmp_64\mariadb\data\ib_buffer_pool
2021-06-06  7:21:03 0 [Note] InnoDB: Buffer pool(s) dump completed at 210606  7:21:03
2021-06-06  7:21:04 0 [Note] InnoDB: Removed temporary tablespace data file: "ibtmp1"
2021-06-06  7:21:04 0 [Note] InnoDB: Shutdown completed; log sequence number 29974655; transaction id 12666
2021-06-06  7:21:04 0 [Note] C:\moodle_wnmp_64\mariadb\bin\mysqld.exe: Shutdown complete

2021-06-06  7:24:08 0 [Note] Using unique option prefix 'myisam_recover' is error-prone and can break in the future. Please use the full name 'myisam-recover-options' instead.
2021-06-06  7:24:08 0 [Note] InnoDB: Mutexes and rw_locks use Windows interlocked functions
2021-06-06  7:24:08 0 [Note] InnoDB: Uses event mutexes
2021-06-06  7:24:08 0 [Note] InnoDB: Compressed tables use zlib 1.2.11
2021-06-06  7:24:08 0 [Note] InnoDB: Number of pools: 1
2021-06-06  7:24:08 0 [Note] InnoDB: Using SSE2 crc32 instructions
2021-06-06  7:24:08 0 [Note] InnoDB: Initializing buffer pool, total size = 512M, instances = 1, chunk size = 128M
2021-06-06  7:24:08 0 [Note] InnoDB: Completed initialization of buffer pool
2021-06-06  7:24:08 0 [Note] InnoDB: 128 out of 128 rollback segments are active.
2021-06-06  7:24:08 0 [Note] InnoDB: Creating shared tablespace for temporary tables
2021-06-06  7:24:08 0 [Note] InnoDB: Setting file 'C:\moodle_wnmp_64\mariadb\data\ibtmp1' size to 12 MB. Physically writing the file full; Please wait ...
2021-06-06  7:24:08 0 [Note] InnoDB: File 'C:\moodle_wnmp_64\mariadb\data\ibtmp1' size is now 12 MB.
2021-06-06  7:24:08 0 [Note] InnoDB: Waiting for purge to start
2021-06-06  7:24:08 0 [Note] InnoDB: 10.4.19 started; log sequence number 29974655; transaction id 12665
2021-06-06  7:24:08 0 [Note] InnoDB: Loading buffer pool(s) from C:\moodle_wnmp_64\mariadb\data\ib_buffer_pool
2021-06-06  7:24:08 0 [Note] Plugin 'FEEDBACK' is disabled.
2021-06-06  7:24:08 0 [Note] Server socket created on IP: '::'.
2021-06-06  7:24:08 0 [Note] Reading of all Master_info entries succeeded
2021-06-06  7:24:08 0 [Note] Added new Master_info '' to hash table
2021-06-06  7:24:08 0 [Note] C:\moodle_wnmp_64\mariadb\bin\mysqld.exe: ready for connections.
Version: '10.4.19-MariaDB'  socket: ''  port: 3366  mariadb.org binary distribution
2021-06-06  7:24:09 0 [Note] InnoDB: Buffer pool(s) load completed at 210606  7:24:09
2021-06-06  7:25:40 0 [Note] C:\moodle_wnmp_64\mariadb\bin\mysqld.exe (initiated by: unknown): Normal shutdown
2021-06-06  7:25:40 0 [Note] InnoDB: FTS optimize thread exiting.
2021-06-06  7:25:40 0 [Note] Event Scheduler: Purging the queue. 0 events
2021-06-06  7:25:40 0 [Note] InnoDB: Starting shutdown...
2021-06-06  7:25:40 0 [Note] InnoDB: Dumping buffer pool(s) to C:\moodle_wnmp_64\mariadb\data\ib_buffer_pool
2021-06-06  7:25:40 0 [Note] InnoDB: Buffer pool(s) dump completed at 210606  7:25:40
2021-06-06  7:25:40 0 [Note] InnoDB: Removed temporary tablespace data file: "ibtmp1"
2021-06-06  7:25:40 0 [Note] InnoDB: Shutdown completed; log sequence number 29974664; transaction id 12666
2021-06-06  7:25:40 0 [Note] C:\moodle_wnmp_64\mariadb\bin\mysqld.exe: Shutdown complete

2021-06-06  7:28:01 0 [Note] Using unique option prefix 'myisam_recover' is error-prone and can break in the future. Please use the full name 'myisam-recover-options' instead.
2021-06-06  7:28:01 0 [Note] InnoDB: Mutexes and rw_locks use Windows interlocked functions
2021-06-06  7:28:01 0 [Note] InnoDB: Uses event mutexes
2021-06-06  7:28:01 0 [Note] InnoDB: Compressed tables use zlib 1.2.11
2021-06-06  7:28:01 0 [Note] InnoDB: Number of pools: 1
2021-06-06  7:28:01 0 [Note] InnoDB: Using SSE2 crc32 instructions
2021-06-06  7:28:01 0 [Note] InnoDB: Initializing buffer pool, total size = 512M, instances = 1, chunk size = 128M
2021-06-06  7:28:01 0 [Note] InnoDB: Completed initialization of buffer pool
2021-06-06  7:28:01 0 [Note] InnoDB: 128 out of 128 rollback segments are active.
2021-06-06  7:28:01 0 [Note] InnoDB: Creating shared tablespace for temporary tables
2021-06-06  7:28:01 0 [Note] InnoDB: Setting file 'C:\moodle_wnmp_64\mariadb\data\ibtmp1' size to 12 MB. Physically writing the file full; Please wait ...
2021-06-06  7:28:01 0 [Note] InnoDB: File 'C:\moodle_wnmp_64\mariadb\data\ibtmp1' size is now 12 MB.
2021-06-06  7:28:01 0 [Note] InnoDB: Waiting for purge to start
2021-06-06  7:28:01 0 [Note] InnoDB: 10.4.19 started; log sequence number 29974664; transaction id 12665
2021-06-06  7:28:01 0 [Note] InnoDB: Loading buffer pool(s) from C:\moodle_wnmp_64\mariadb\data\ib_buffer_pool
2021-06-06  7:28:01 0 [Note] Plugin 'FEEDBACK' is disabled.
2021-06-06  7:28:01 0 [Note] Server socket created on IP: '::'.
2021-06-06  7:28:01 0 [Note] Reading of all Master_info entries succeeded
2021-06-06  7:28:01 0 [Note] Added new Master_info '' to hash table
2021-06-06  7:28:01 0 [Note] C:\moodle_wnmp_64\mariadb\bin\mysqld.exe: ready for connections.
Version: '10.4.19-MariaDB'  socket: ''  port: 3366  mariadb.org binary distribution
2021-06-06  7:28:02 0 [Note] InnoDB: Buffer pool(s) load completed at 210606  7:28:02
2021-06-06  7:29:57 0 [Note] C:\moodle_wnmp_64\mariadb\bin\mysqld.exe (initiated by: unknown): Normal shutdown
2021-06-06  7:29:57 0 [Note] Event Scheduler: Purging the queue. 0 events
2021-06-06  7:29:57 0 [Note] InnoDB: FTS optimize thread exiting.
2021-06-06  7:29:57 0 [Note] InnoDB: Starting shutdown...
2021-06-06  7:29:57 0 [Note] InnoDB: Dumping buffer pool(s) to C:\moodle_wnmp_64\mariadb\data\ib_buffer_pool
2021-06-06  7:29:57 0 [Note] InnoDB: Buffer pool(s) dump completed at 210606  7:29:57
2021-06-06  7:29:58 0 [Note] InnoDB: Removed temporary tablespace data file: "ibtmp1"
2021-06-06  7:29:58 0 [Note] InnoDB: Shutdown completed; log sequence number 30824623; transaction id 13933
2021-06-06  7:29:58 0 [Note] C:\moodle_wnmp_64\mariadb\bin\mysqld.exe: Shutdown complete

2021-06-06  7:46:19 0 [Note] Using unique option prefix 'myisam_recover' is error-prone and can break in the future. Please use the full name 'myisam-recover-options' instead.
2021-06-06  7:46:20 0 [Note] InnoDB: Mutexes and rw_locks use Windows interlocked functions
2021-06-06  7:46:20 0 [Note] InnoDB: Uses event mutexes
2021-06-06  7:46:20 0 [Note] InnoDB: Compressed tables use zlib 1.2.11
2021-06-06  7:46:20 0 [Note] InnoDB: Number of pools: 1
2021-06-06  7:46:20 0 [Note] InnoDB: Using SSE2 crc32 instructions
2021-06-06  7:46:20 0 [Note] InnoDB: Initializing buffer pool, total size = 512M, instances = 1, chunk size = 128M
2021-06-06  7:46:20 0 [Note] InnoDB: Completed initialization of buffer pool
2021-06-06  7:46:20 0 [Note] InnoDB: 128 out of 128 rollback segments are active.
2021-06-06  7:46:20 0 [Note] InnoDB: Creating shared tablespace for temporary tables
2021-06-06  7:46:20 0 [Note] InnoDB: Setting file 'C:\moodle_wnmp_64\mariadb\data\ibtmp1' size to 12 MB. Physically writing the file full; Please wait ...
2021-06-06  7:46:20 0 [Note] InnoDB: File 'C:\moodle_wnmp_64\mariadb\data\ibtmp1' size is now 12 MB.
2021-06-06  7:46:20 0 [Note] InnoDB: Waiting for purge to start
2021-06-06  7:46:20 0 [Note] InnoDB: 10.4.19 started; log sequence number 30824623; transaction id 13932
2021-06-06  7:46:20 0 [Note] InnoDB: Loading buffer pool(s) from C:\moodle_wnmp_64\mariadb\data\ib_buffer_pool
2021-06-06  7:46:20 0 [Note] Plugin 'FEEDBACK' is disabled.
2021-06-06  7:46:20 0 [Note] Server socket created on IP: '::'.
2021-06-06  7:46:20 0 [Note] Reading of all Master_info entries succeeded
2021-06-06  7:46:20 0 [Note] Added new Master_info '' to hash table
2021-06-06  7:46:20 0 [Note] C:\moodle_wnmp_64\mariadb\bin\mysqld.exe: ready for connections.
Version: '10.4.19-MariaDB'  socket: ''  port: 3366  mariadb.org binary distribution
2021-06-06  7:46:21 0 [Note] InnoDB: Buffer pool(s) load completed at 210606  7:46:21
2021-06-06  7:48:33 0 [Note] C:\moodle_wnmp_64\mariadb\bin\mysqld.exe (initiated by: unknown): Normal shutdown
2021-06-06  7:48:33 0 [Note] Event Scheduler: Purging the queue. 0 events
2021-06-06  7:48:33 0 [Note] InnoDB: FTS optimize thread exiting.
2021-06-06  7:48:33 0 [Note] InnoDB: Starting shutdown...
2021-06-06  7:48:33 0 [Note] InnoDB: Dumping buffer pool(s) to C:\moodle_wnmp_64\mariadb\data\ib_buffer_pool
2021-06-06  7:48:33 0 [Note] InnoDB: Buffer pool(s) dump completed at 210606  7:48:33
2021-06-06  7:48:34 0 [Note] InnoDB: Removed temporary tablespace data file: "ibtmp1"
2021-06-06  7:48:34 0 [Note] InnoDB: Shutdown completed; log sequence number 31046310; transaction id 14105
2021-06-06  7:48:34 0 [Note] C:\moodle_wnmp_64\mariadb\bin\mysqld.exe: Shutdown complete

2021-06-06  8:39:05 0 [Note] Using unique option prefix 'myisam_recover' is error-prone and can break in the future. Please use the full name 'myisam-recover-options' instead.
2021-06-06  8:39:05 0 [Note] InnoDB: Mutexes and rw_locks use Windows interlocked functions
2021-06-06  8:39:05 0 [Note] InnoDB: Uses event mutexes
2021-06-06  8:39:05 0 [Note] InnoDB: Compressed tables use zlib 1.2.11
2021-06-06  8:39:05 0 [Note] InnoDB: Number of pools: 1
2021-06-06  8:39:05 0 [Note] InnoDB: Using SSE2 crc32 instructions
2021-06-06  8:39:05 0 [Note] InnoDB: Initializing buffer pool, total size = 512M, instances = 1, chunk size = 128M
2021-06-06  8:39:05 0 [Note] InnoDB: Completed initialization of buffer pool
2021-06-06  8:39:05 0 [Note] InnoDB: 128 out of 128 rollback segments are active.
2021-06-06  8:39:05 0 [Note] InnoDB: Creating shared tablespace for temporary tables
2021-06-06  8:39:05 0 [Note] InnoDB: Setting file 'C:\moodle_wnmp_64\mariadb\data\ibtmp1' size to 12 MB. Physically writing the file full; Please wait ...
2021-06-06  8:39:05 0 [Note] InnoDB: File 'C:\moodle_wnmp_64\mariadb\data\ibtmp1' size is now 12 MB.
2021-06-06  8:39:05 0 [Note] InnoDB: Waiting for purge to start
2021-06-06  8:39:05 0 [Note] InnoDB: 10.4.19 started; log sequence number 31046310; transaction id 14107
2021-06-06  8:39:05 0 [Note] InnoDB: Loading buffer pool(s) from C:\moodle_wnmp_64\mariadb\data\ib_buffer_pool
2021-06-06  8:39:05 0 [Note] Plugin 'FEEDBACK' is disabled.
2021-06-06  8:39:05 0 [Note] Server socket created on IP: '::'.
2021-06-06  8:39:05 0 [Note] Reading of all Master_info entries succeeded
2021-06-06  8:39:05 0 [Note] Added new Master_info '' to hash table
2021-06-06  8:39:05 0 [Note] C:\moodle_wnmp_64\mariadb\bin\mysqld.exe: ready for connections.
Version: '10.4.19-MariaDB'  socket: ''  port: 3366  mariadb.org binary distribution
2021-06-06  8:39:06 0 [Note] InnoDB: Buffer pool(s) load completed at 210606  8:39:06
2021-06-06  8:39:23 0 [Note] C:\moodle_wnmp_64\mariadb\bin\mysqld.exe (initiated by: unknown): Normal shutdown
2021-06-06  8:39:23 0 [Note] Event Scheduler: Purging the queue. 0 events
2021-06-06  8:39:23 0 [Note] InnoDB: FTS optimize thread exiting.
2021-06-06  8:39:23 0 [Note] InnoDB: Starting shutdown...
2021-06-06  8:39:23 0 [Note] InnoDB: Dumping buffer pool(s) to C:\moodle_wnmp_64\mariadb\data\ib_buffer_pool
2021-06-06  8:39:23 0 [Note] InnoDB: Buffer pool(s) dump completed at 210606  8:39:23
2021-06-06  8:39:25 0 [Note] InnoDB: Removed temporary tablespace data file: "ibtmp1"
2021-06-06  8:39:25 0 [Note] InnoDB: Shutdown completed; log sequence number 31062289; transaction id 14140
2021-06-06  8:39:25 0 [Note] C:\moodle_wnmp_64\mariadb\bin\mysqld.exe: Shutdown complete

2021-06-06 10:06:53 0 [Note] Using unique option prefix 'myisam_recover' is error-prone and can break in the future. Please use the full name 'myisam-recover-options' instead.
2021-06-06 10:06:53 0 [Note] InnoDB: Mutexes and rw_locks use Windows interlocked functions
2021-06-06 10:06:53 0 [Note] InnoDB: Uses event mutexes
2021-06-06 10:06:53 0 [Note] InnoDB: Compressed tables use zlib 1.2.11
2021-06-06 10:06:53 0 [Note] InnoDB: Number of pools: 1
2021-06-06 10:06:53 0 [Note] InnoDB: Using SSE2 crc32 instructions
2021-06-06 10:06:53 0 [Note] InnoDB: Initializing buffer pool, total size = 512M, instances = 1, chunk size = 128M
2021-06-06 10:06:53 0 [Note] InnoDB: Completed initialization of buffer pool
2021-06-06 10:06:53 0 [Note] InnoDB: 128 out of 128 rollback segments are active.
2021-06-06 10:06:53 0 [Note] InnoDB: Creating shared tablespace for temporary tables
2021-06-06 10:06:53 0 [Note] InnoDB: Setting file 'C:\moodle_wnmp_64\mariadb\data\ibtmp1' size to 12 MB. Physically writing the file full; Please wait ...
2021-06-06 10:06:53 0 [Note] InnoDB: File 'C:\moodle_wnmp_64\mariadb\data\ibtmp1' size is now 12 MB.
2021-06-06 10:06:53 0 [Note] InnoDB: Waiting for purge to start
2021-06-06 10:06:53 0 [Note] InnoDB: 10.4.19 started; log sequence number 31062289; transaction id 14141
2021-06-06 10:06:53 0 [Note] InnoDB: Loading buffer pool(s) from C:\moodle_wnmp_64\mariadb\data\ib_buffer_pool
2021-06-06 10:06:53 0 [Note] Plugin 'FEEDBACK' is disabled.
2021-06-06 10:06:53 0 [Note] Server socket created on IP: '::'.
2021-06-06 10:06:53 0 [Note] Reading of all Master_info entries succeeded
2021-06-06 10:06:53 0 [Note] Added new Master_info '' to hash table
2021-06-06 10:06:53 0 [Note] C:\moodle_wnmp_64\mariadb\bin\mysqld.exe: ready for connections.
Version: '10.4.19-MariaDB'  socket: ''  port: 3366  mariadb.org binary distribution
2021-06-06 10:06:54 0 [Note] InnoDB: Buffer pool(s) load completed at 210606 10:06:54
2021-06-06 10:10:00 0 [Note] C:\moodle_wnmp_64\mariadb\bin\mysqld.exe (initiated by: unknown): Normal shutdown
2021-06-06 10:10:00 0 [Note] Event Scheduler: Purging the queue. 0 events
2021-06-06 10:10:00 0 [Note] InnoDB: FTS optimize thread exiting.
2021-06-06 10:10:00 0 [Note] InnoDB: Starting shutdown...
2021-06-06 10:10:00 0 [Note] InnoDB: Dumping buffer pool(s) to C:\moodle_wnmp_64\mariadb\data\ib_buffer_pool
2021-06-06 10:10:00 0 [Note] InnoDB: Buffer pool(s) dump completed at 210606 10:10:00
2021-06-06 10:10:01 0 [Note] InnoDB: Removed temporary tablespace data file: "ibtmp1"
2021-06-06 10:10:01 0 [Note] InnoDB: Shutdown completed; log sequence number 31800519; transaction id 15301
2021-06-06 10:10:01 0 [Note] C:\moodle_wnmp_64\mariadb\bin\mysqld.exe: Shutdown complete

2021-06-06 11:07:47 0 [Note] Using unique option prefix 'myisam_recover' is error-prone and can break in the future. Please use the full name 'myisam-recover-options' instead.
2021-06-06 11:07:47 0 [Note] InnoDB: Mutexes and rw_locks use Windows interlocked functions
2021-06-06 11:07:47 0 [Note] InnoDB: Uses event mutexes
2021-06-06 11:07:47 0 [Note] InnoDB: Compressed tables use zlib 1.2.11
2021-06-06 11:07:47 0 [Note] InnoDB: Number of pools: 1
2021-06-06 11:07:47 0 [Note] InnoDB: Using SSE2 crc32 instructions
2021-06-06 11:07:47 0 [Note] InnoDB: Initializing buffer pool, total size = 512M, instances = 1, chunk size = 128M
2021-06-06 11:07:47 0 [Note] InnoDB: Completed initialization of buffer pool
2021-06-06 11:07:47 0 [Note] InnoDB: 128 out of 128 rollback segments are active.
2021-06-06 11:07:47 0 [Note] InnoDB: Creating shared tablespace for temporary tables
2021-06-06 11:07:47 0 [Note] InnoDB: Setting file 'C:\moodle_wnmp_64\mariadb\data\ibtmp1' size to 12 MB. Physically writing the file full; Please wait ...
2021-06-06 11:07:47 0 [Note] InnoDB: File 'C:\moodle_wnmp_64\mariadb\data\ibtmp1' size is now 12 MB.
2021-06-06 11:07:47 0 [Note] InnoDB: Waiting for purge to start
2021-06-06 11:07:47 0 [Note] InnoDB: 10.4.19 started; log sequence number 31800519; transaction id 15302
2021-06-06 11:07:47 0 [Note] InnoDB: Loading buffer pool(s) from C:\moodle_wnmp_64\mariadb\data\ib_buffer_pool
2021-06-06 11:07:47 0 [Note] Plugin 'FEEDBACK' is disabled.
2021-06-06 11:07:47 0 [Note] Server socket created on IP: '::'.
2021-06-06 11:07:47 0 [Note] Reading of all Master_info entries succeeded
2021-06-06 11:07:47 0 [Note] Added new Master_info '' to hash table
2021-06-06 11:07:47 0 [Note] C:\moodle_wnmp_64\mariadb\bin\mysqld.exe: ready for connections.
Version: '10.4.19-MariaDB'  socket: ''  port: 3366  mariadb.org binary distribution
2021-06-06 11:07:48 0 [Note] InnoDB: Buffer pool(s) load completed at 210606 11:07:48
2021-06-06 11:08:24 0 [Note] C:\moodle_wnmp_64\mariadb\bin\mysqld.exe (initiated by: unknown): Normal shutdown
2021-06-06 11:08:24 0 [Note] Event Scheduler: Purging the queue. 0 events
2021-06-06 11:08:24 0 [Note] InnoDB: FTS optimize thread exiting.
2021-06-06 11:08:24 0 [Note] InnoDB: Starting shutdown...
2021-06-06 11:08:24 0 [Note] InnoDB: Dumping buffer pool(s) to C:\moodle_wnmp_64\mariadb\data\ib_buffer_pool
2021-06-06 11:08:24 0 [Note] InnoDB: Buffer pool(s) dump completed at 210606 11:08:24
2021-06-06 11:08:24 0 [Note] InnoDB: Removed temporary tablespace data file: "ibtmp1"
2021-06-06 11:08:24 0 [Note] InnoDB: Shutdown completed; log sequence number 31815618; transaction id 15333
2021-06-06 11:08:24 0 [Note] C:\moodle_wnmp_64\mariadb\bin\mysqld.exe: Shutdown complete

2021-06-08  5:36:56 0 [Note] Using unique option prefix 'myisam_recover' is error-prone and can break in the future. Please use the full name 'myisam-recover-options' instead.
2021-06-08  5:36:56 0 [Note] InnoDB: Mutexes and rw_locks use Windows interlocked functions
2021-06-08  5:36:56 0 [Note] InnoDB: Uses event mutexes
2021-06-08  5:36:56 0 [Note] InnoDB: Compressed tables use zlib 1.2.11
2021-06-08  5:36:56 0 [Note] InnoDB: Number of pools: 1
2021-06-08  5:36:56 0 [Note] InnoDB: Using SSE2 crc32 instructions
2021-06-08  5:36:56 0 [Note] InnoDB: Initializing buffer pool, total size = 512M, instances = 1, chunk size = 128M
2021-06-08  5:36:56 0 [Note] InnoDB: Completed initialization of buffer pool
2021-06-08  5:36:56 0 [Note] InnoDB: 128 out of 128 rollback segments are active.
2021-06-08  5:36:56 0 [Note] InnoDB: Creating shared tablespace for temporary tables
2021-06-08  5:36:56 0 [Note] InnoDB: Setting file 'C:\moodle_wnmp_64\mariadb\data\ibtmp1' size to 12 MB. Physically writing the file full; Please wait ...
2021-06-08  5:36:56 0 [Note] InnoDB: File 'C:\moodle_wnmp_64\mariadb\data\ibtmp1' size is now 12 MB.
2021-06-08  5:36:56 0 [Note] InnoDB: Waiting for purge to start
2021-06-08  5:36:56 0 [Note] InnoDB: 10.4.19 started; log sequence number 31815618; transaction id 15331
2021-06-08  5:36:56 0 [Note] Plugin 'FEEDBACK' is disabled.
2021-06-08  5:36:56 0 [Note] InnoDB: Loading buffer pool(s) from C:\moodle_wnmp_64\mariadb\data\ib_buffer_pool
2021-06-08  5:36:56 0 [Note] Server socket created on IP: '::'.
2021-06-08  5:36:56 0 [Note] Reading of all Master_info entries succeeded
2021-06-08  5:36:56 0 [Note] Added new Master_info '' to hash table
2021-06-08  5:36:56 0 [Note] C:\moodle_wnmp_64\mariadb\bin\mysqld.exe: ready for connections.
Version: '10.4.19-MariaDB'  socket: ''  port: 3366  mariadb.org binary distribution
2021-06-08  5:36:57 0 [Note] InnoDB: Buffer pool(s) load completed at 210608  5:36:57
2021-06-08  5:48:16 0 [Note] C:\moodle_wnmp_64\mariadb\bin\mysqld.exe (initiated by: unknown): Normal shutdown
2021-06-08  5:48:16 0 [Note] Event Scheduler: Purging the queue. 0 events
2021-06-08  5:48:16 0 [Note] InnoDB: FTS optimize thread exiting.
2021-06-08  5:48:16 0 [Note] InnoDB: Starting shutdown...
2021-06-08  5:48:16 0 [Note] InnoDB: Dumping buffer pool(s) to C:\moodle_wnmp_64\mariadb\data\ib_buffer_pool
2021-06-08  5:48:16 0 [Note] InnoDB: Buffer pool(s) dump completed at 210608  5:48:16
2021-06-08  5:48:17 0 [Note] InnoDB: Removed temporary tablespace data file: "ibtmp1"
2021-06-08  5:48:17 0 [Note] InnoDB: Shutdown completed; log sequence number 32002956; transaction id 15671
2021-06-08  5:48:17 0 [Note] C:\moodle_wnmp_64\mariadb\bin\mysqld.exe: Shutdown complete

2021-06-08  5:48:21 0 [Note] Using unique option prefix 'myisam_recover' is error-prone and can break in the future. Please use the full name 'myisam-recover-options' instead.
2021-06-08  5:48:21 0 [Note] InnoDB: Mutexes and rw_locks use Windows interlocked functions
2021-06-08  5:48:21 0 [Note] InnoDB: Uses event mutexes
2021-06-08  5:48:21 0 [Note] InnoDB: Compressed tables use zlib 1.2.11
2021-06-08  5:48:21 0 [Note] InnoDB: Number of pools: 1
2021-06-08  5:48:21 0 [Note] InnoDB: Using SSE2 crc32 instructions
2021-06-08  5:48:21 0 [Note] InnoDB: Initializing buffer pool, total size = 512M, instances = 1, chunk size = 128M
2021-06-08  5:48:21 0 [Note] InnoDB: Completed initialization of buffer pool
2021-06-08  5:48:21 0 [Note] InnoDB: 128 out of 128 rollback segments are active.
2021-06-08  5:48:21 0 [Note] InnoDB: Creating shared tablespace for temporary tables
2021-06-08  5:48:21 0 [Note] InnoDB: Setting file 'C:\moodle_wnmp_64\mariadb\data\ibtmp1' size to 12 MB. Physically writing the file full; Please wait ...
2021-06-08  5:48:21 0 [Note] InnoDB: File 'C:\moodle_wnmp_64\mariadb\data\ibtmp1' size is now 12 MB.
2021-06-08  5:48:21 0 [Note] InnoDB: Waiting for purge to start
2021-06-08  5:48:21 0 [Note] InnoDB: 10.4.19 started; log sequence number 32002956; transaction id 15672
2021-06-08  5:48:21 0 [Note] InnoDB: Loading buffer pool(s) from C:\moodle_wnmp_64\mariadb\data\ib_buffer_pool
2021-06-08  5:48:21 0 [Note] Plugin 'FEEDBACK' is disabled.
2021-06-08  5:48:21 0 [Note] Server socket created on IP: '::'.
2021-06-08  5:48:21 0 [Note] Reading of all Master_info entries succeeded
2021-06-08  5:48:21 0 [Note] Added new Master_info '' to hash table
2021-06-08  5:48:21 0 [Note] C:\moodle_wnmp_64\mariadb\bin\mysqld.exe: ready for connections.
Version: '10.4.19-MariaDB'  socket: ''  port: 3366  mariadb.org binary distribution
2021-06-08  5:48:22 0 [Note] InnoDB: Buffer pool(s) load completed at 210608  5:48:22
2021-06-08  5:53:47 0 [Note] C:\moodle_wnmp_64\mariadb\bin\mysqld.exe (initiated by: unknown): Normal shutdown
2021-06-08  5:53:47 0 [Note] Event Scheduler: Purging the queue. 0 events
2021-06-08  5:53:47 0 [Note] InnoDB: FTS optimize thread exiting.
2021-06-08  5:53:47 0 [Note] InnoDB: Starting shutdown...
2021-06-08  5:53:47 0 [Note] InnoDB: Dumping buffer pool(s) to C:\moodle_wnmp_64\mariadb\data\ib_buffer_pool
2021-06-08  5:53:47 0 [Note] InnoDB: Buffer pool(s) dump completed at 210608  5:53:47
2021-06-08  5:53:48 0 [Note] InnoDB: Removed temporary tablespace data file: "ibtmp1"
2021-06-08  5:53:48 0 [Note] InnoDB: Shutdown completed; log sequence number 32006938; transaction id 15692
2021-06-08  5:53:48 0 [Note] C:\moodle_wnmp_64\mariadb\bin\mysqld.exe: Shutdown complete

2021-06-08  5:54:36 0 [Note] Using unique option prefix 'myisam_recover' is error-prone and can break in the future. Please use the full name 'myisam-recover-options' instead.
2021-06-08  5:54:36 0 [Note] InnoDB: Mutexes and rw_locks use Windows interlocked functions
2021-06-08  5:54:36 0 [Note] InnoDB: Uses event mutexes
2021-06-08  5:54:36 0 [Note] InnoDB: Compressed tables use zlib 1.2.11
2021-06-08  5:54:36 0 [Note] InnoDB: Number of pools: 1
2021-06-08  5:54:36 0 [Note] InnoDB: Using SSE2 crc32 instructions
2021-06-08  5:54:36 0 [Note] InnoDB: Initializing buffer pool, total size = 512M, instances = 1, chunk size = 128M
2021-06-08  5:54:36 0 [Note] InnoDB: Completed initialization of buffer pool
2021-06-08  5:54:36 0 [Note] InnoDB: 128 out of 128 rollback segments are active.
2021-06-08  5:54:36 0 [Note] InnoDB: Creating shared tablespace for temporary tables
2021-06-08  5:54:36 0 [Note] InnoDB: Setting file 'C:\moodle_wnmp_64\mariadb\data\ibtmp1' size to 12 MB. Physically writing the file full; Please wait ...
2021-06-08  5:54:36 0 [Note] InnoDB: File 'C:\moodle_wnmp_64\mariadb\data\ibtmp1' size is now 12 MB.
2021-06-08  5:54:36 0 [Note] InnoDB: Waiting for purge to start
2021-06-08  5:54:36 0 [Note] InnoDB: 10.4.19 started; log sequence number 32006938; transaction id 15693
2021-06-08  5:54:36 0 [Note] InnoDB: Loading buffer pool(s) from C:\moodle_wnmp_64\mariadb\data\ib_buffer_pool
2021-06-08  5:54:36 0 [Note] Plugin 'FEEDBACK' is disabled.
2021-06-08  5:54:36 0 [Note] Server socket created on IP: '::'.
2021-06-08  5:54:36 0 [Note] Reading of all Master_info entries succeeded
2021-06-08  5:54:36 0 [Note] Added new Master_info '' to hash table
2021-06-08  5:54:36 0 [Note] C:\moodle_wnmp_64\mariadb\bin\mysqld.exe: ready for connections.
Version: '10.4.19-MariaDB'  socket: ''  port: 3366  mariadb.org binary distribution
2021-06-08  5:54:37 0 [Note] InnoDB: Buffer pool(s) load completed at 210608  5:54:37
2021-06-08  5:59:48 0 [Note] C:\moodle_wnmp_64\mariadb\bin\mysqld.exe (initiated by: unknown): Normal shutdown
2021-06-08  5:59:48 0 [Note] Event Scheduler: Purging the queue. 0 events
2021-06-08  5:59:48 0 [Note] InnoDB: FTS optimize thread exiting.
2021-06-08  5:59:48 0 [Note] InnoDB: Starting shutdown...
2021-06-08  5:59:48 0 [Note] InnoDB: Dumping buffer pool(s) to C:\moodle_wnmp_64\mariadb\data\ib_buffer_pool
2021-06-08  5:59:48 0 [Note] InnoDB: Buffer pool(s) dump completed at 210608  5:59:48
2021-06-08  5:59:49 0 [Note] InnoDB: Removed temporary tablespace data file: "ibtmp1"
2021-06-08  5:59:49 0 [Note] InnoDB: Shutdown completed; log sequence number 32006947; transaction id 15695
2021-06-08  5:59:49 0 [Note] C:\moodle_wnmp_64\mariadb\bin\mysqld.exe: Shutdown complete

2021-06-08  5:59:53 0 [Note] Using unique option prefix 'myisam_recover' is error-prone and can break in the future. Please use the full name 'myisam-recover-options' instead.
2021-06-08  5:59:53 0 [Note] InnoDB: Mutexes and rw_locks use Windows interlocked functions
2021-06-08  5:59:53 0 [Note] InnoDB: Uses event mutexes
2021-06-08  5:59:53 0 [Note] InnoDB: Compressed tables use zlib 1.2.11
2021-06-08  5:59:53 0 [Note] InnoDB: Number of pools: 1
2021-06-08  5:59:53 0 [Note] InnoDB: Using SSE2 crc32 instructions
2021-06-08  5:59:53 0 [Note] InnoDB: Initializing buffer pool, total size = 512M, instances = 1, chunk size = 128M
2021-06-08  5:59:53 0 [Note] InnoDB: Completed initialization of buffer pool
2021-06-08  5:59:53 0 [Note] InnoDB: 128 out of 128 rollback segments are active.
2021-06-08  5:59:53 0 [Note] InnoDB: Creating shared tablespace for temporary tables
2021-06-08  5:59:53 0 [Note] InnoDB: Setting file 'C:\moodle_wnmp_64\mariadb\data\ibtmp1' size to 12 MB. Physically writing the file full; Please wait ...
2021-06-08  5:59:53 0 [Note] InnoDB: File 'C:\moodle_wnmp_64\mariadb\data\ibtmp1' size is now 12 MB.
2021-06-08  5:59:53 0 [Note] InnoDB: Waiting for purge to start
2021-06-08  5:59:53 0 [Note] InnoDB: 10.4.19 started; log sequence number 32006947; transaction id 15693
2021-06-08  5:59:53 0 [Note] InnoDB: Loading buffer pool(s) from C:\moodle_wnmp_64\mariadb\data\ib_buffer_pool
2021-06-08  5:59:53 0 [Note] Plugin 'FEEDBACK' is disabled.
2021-06-08  5:59:53 0 [Note] Server socket created on IP: '::'.
2021-06-08  5:59:53 0 [Note] Reading of all Master_info entries succeeded
2021-06-08  5:59:53 0 [Note] Added new Master_info '' to hash table
2021-06-08  5:59:53 0 [Note] C:\moodle_wnmp_64\mariadb\bin\mysqld.exe: ready for connections.
Version: '10.4.19-MariaDB'  socket: ''  port: 3366  mariadb.org binary distribution
2021-06-08  5:59:54 0 [Note] InnoDB: Buffer pool(s) load completed at 210608  5:59:54
2021-06-08  6:38:26 0 [Note] C:\moodle_wnmp_64\mariadb\bin\mysqld.exe (initiated by: unknown): Normal shutdown
2021-06-08  6:38:26 0 [Note] Event Scheduler: Purging the queue. 0 events
2021-06-08  6:38:26 0 [Note] InnoDB: FTS optimize thread exiting.
2021-06-08  6:38:26 0 [Note] InnoDB: Starting shutdown...
2021-06-08  6:38:26 0 [Note] InnoDB: Dumping buffer pool(s) to C:\moodle_wnmp_64\mariadb\data\ib_buffer_pool
2021-06-08  6:38:26 0 [Note] InnoDB: Buffer pool(s) dump completed at 210608  6:38:26
2021-06-08  6:38:27 0 [Note] InnoDB: Removed temporary tablespace data file: "ibtmp1"
2021-06-08  6:38:27 0 [Note] InnoDB: Shutdown completed; log sequence number 32017458; transaction id 15733
2021-06-08  6:38:27 0 [Note] C:\moodle_wnmp_64\mariadb\bin\mysqld.exe: Shutdown complete

2021-06-08  6:40:09 0 [Note] Using unique option prefix 'myisam_recover' is error-prone and can break in the future. Please use the full name 'myisam-recover-options' instead.
2021-06-08  6:40:09 0 [Note] InnoDB: Mutexes and rw_locks use Windows interlocked functions
2021-06-08  6:40:09 0 [Note] InnoDB: Uses event mutexes
2021-06-08  6:40:09 0 [Note] InnoDB: Compressed tables use zlib 1.2.11
2021-06-08  6:40:09 0 [Note] InnoDB: Number of pools: 1
2021-06-08  6:40:09 0 [Note] InnoDB: Using SSE2 crc32 instructions
2021-06-08  6:40:09 0 [Note] InnoDB: Initializing buffer pool, total size = 512M, instances = 1, chunk size = 128M
2021-06-08  6:40:09 0 [Note] InnoDB: Completed initialization of buffer pool
2021-06-08  6:40:09 0 [Note] InnoDB: 128 out of 128 rollback segments are active.
2021-06-08  6:40:09 0 [Note] InnoDB: Creating shared tablespace for temporary tables
2021-06-08  6:40:09 0 [Note] InnoDB: Setting file 'C:\moodle_wnmp_64\mariadb\data\ibtmp1' size to 12 MB. Physically writing the file full; Please wait ...
2021-06-08  6:40:09 0 [Note] InnoDB: File 'C:\moodle_wnmp_64\mariadb\data\ibtmp1' size is now 12 MB.
2021-06-08  6:40:09 0 [Note] InnoDB: Waiting for purge to start
2021-06-08  6:40:09 0 [Note] InnoDB: 10.4.19 started; log sequence number 32017458; transaction id 15733
2021-06-08  6:40:09 0 [Note] InnoDB: Loading buffer pool(s) from C:\moodle_wnmp_64\mariadb\data\ib_buffer_pool
2021-06-08  6:40:09 0 [Note] Plugin 'FEEDBACK' is disabled.
2021-06-08  6:40:09 0 [Note] Server socket created on IP: '::'.
2021-06-08  6:40:09 0 [Note] Reading of all Master_info entries succeeded
2021-06-08  6:40:09 0 [Note] Added new Master_info '' to hash table
2021-06-08  6:40:09 0 [Note] C:\moodle_wnmp_64\mariadb\bin\mysqld.exe: ready for connections.
Version: '10.4.19-MariaDB'  socket: ''  port: 3366  mariadb.org binary distribution
2021-06-08  6:40:10 0 [Note] InnoDB: Buffer pool(s) load completed at 210608  6:40:10
2021-06-08  6:40:54 0 [Note] C:\moodle_wnmp_64\mariadb\bin\mysqld.exe (initiated by: unknown): Normal shutdown
2021-06-08  6:40:54 0 [Note] Event Scheduler: Purging the queue. 0 events
2021-06-08  6:40:54 0 [Note] InnoDB: FTS optimize thread exiting.
2021-06-08  6:40:54 0 [Note] InnoDB: Starting shutdown...
2021-06-08  6:40:54 0 [Note] InnoDB: Dumping buffer pool(s) to C:\moodle_wnmp_64\mariadb\data\ib_buffer_pool
2021-06-08  6:40:54 0 [Note] InnoDB: Buffer pool(s) dump completed at 210608  6:40:54
2021-06-08  6:40:55 0 [Note] InnoDB: Removed temporary tablespace data file: "ibtmp1"
2021-06-08  6:40:55 0 [Note] InnoDB: Shutdown completed; log sequence number 32017467; transaction id 15734
2021-06-08  6:40:55 0 [Note] C:\moodle_wnmp_64\mariadb\bin\mysqld.exe: Shutdown complete

2021-06-08  6:41:23 0 [Note] Using unique option prefix 'myisam_recover' is error-prone and can break in the future. Please use the full name 'myisam-recover-options' instead.
2021-06-08  6:41:23 0 [Note] InnoDB: Mutexes and rw_locks use Windows interlocked functions
2021-06-08  6:41:23 0 [Note] InnoDB: Uses event mutexes
2021-06-08  6:41:23 0 [Note] InnoDB: Compressed tables use zlib 1.2.11
2021-06-08  6:41:23 0 [Note] InnoDB: Number of pools: 1
2021-06-08  6:41:23 0 [Note] InnoDB: Using SSE2 crc32 instructions
2021-06-08  6:41:23 0 [Note] InnoDB: Initializing buffer pool, total size = 512M, instances = 1, chunk size = 128M
2021-06-08  6:41:23 0 [Note] InnoDB: Completed initialization of buffer pool
2021-06-08  6:41:23 0 [Note] InnoDB: 128 out of 128 rollback segments are active.
2021-06-08  6:41:23 0 [Note] InnoDB: Creating shared tablespace for temporary tables
2021-06-08  6:41:23 0 [Note] InnoDB: Setting file 'C:\moodle_wnmp_64\mariadb\data\ibtmp1' size to 12 MB. Physically writing the file full; Please wait ...
2021-06-08  6:41:23 0 [Note] InnoDB: File 'C:\moodle_wnmp_64\mariadb\data\ibtmp1' size is now 12 MB.
2021-06-08  6:41:23 0 [Note] InnoDB: Waiting for purge to start
2021-06-08  6:41:23 0 [Note] InnoDB: 10.4.19 started; log sequence number 32017467; transaction id 15733
2021-06-08  6:41:23 0 [Note] Plugin 'FEEDBACK' is disabled.
2021-06-08  6:41:23 0 [Note] InnoDB: Loading buffer pool(s) from C:\moodle_wnmp_64\mariadb\data\ib_buffer_pool
2021-06-08  6:41:23 0 [Note] Server socket created on IP: '::'.
2021-06-08  6:41:23 0 [Note] Reading of all Master_info entries succeeded
2021-06-08  6:41:23 0 [Note] Added new Master_info '' to hash table
2021-06-08  6:41:23 0 [Note] C:\moodle_wnmp_64\mariadb\bin\mysqld.exe: ready for connections.
Version: '10.4.19-MariaDB'  socket: ''  port: 3366  mariadb.org binary distribution
2021-06-08  6:41:24 0 [Note] InnoDB: Buffer pool(s) load completed at 210608  6:41:24
2021-06-08  8:04:58 0 [Note] C:\moodle_wnmp_64\mariadb\bin\mysqld.exe (initiated by: unknown): Normal shutdown
2021-06-08  8:04:58 0 [Note] Event Scheduler: Purging the queue. 0 events
2021-06-08  8:04:58 0 [Note] InnoDB: FTS optimize thread exiting.
2021-06-08  8:04:58 0 [Note] InnoDB: Starting shutdown...
2021-06-08  8:04:58 0 [Note] InnoDB: Dumping buffer pool(s) to C:\moodle_wnmp_64\mariadb\data\ib_buffer_pool
2021-06-08  8:04:58 0 [Note] InnoDB: Buffer pool(s) dump completed at 210608  8:04:58
2021-06-08  8:04:58 0 [Note] InnoDB: Removed temporary tablespace data file: "ibtmp1"
2021-06-08  8:04:58 0 [Note] InnoDB: Shutdown completed; log sequence number 32022006; transaction id 15755
2021-06-08  8:04:58 0 [Note] C:\moodle_wnmp_64\mariadb\bin\mysqld.exe: Shutdown complete

2021-06-08  8:33:38 0 [Note] Using unique option prefix 'myisam_recover' is error-prone and can break in the future. Please use the full name 'myisam-recover-options' instead.
2021-06-08  8:33:38 0 [Note] InnoDB: Mutexes and rw_locks use Windows interlocked functions
2021-06-08  8:33:38 0 [Note] InnoDB: Uses event mutexes
2021-06-08  8:33:38 0 [Note] InnoDB: Compressed tables use zlib 1.2.11
2021-06-08  8:33:38 0 [Note] InnoDB: Number of pools: 1
2021-06-08  8:33:38 0 [Note] InnoDB: Using SSE2 crc32 instructions
2021-06-08  8:33:38 0 [Note] InnoDB: Initializing buffer pool, total size = 512M, instances = 1, chunk size = 128M
2021-06-08  8:33:38 0 [Note] InnoDB: Completed initialization of buffer pool
2021-06-08  8:33:39 0 [Note] InnoDB: 128 out of 128 rollback segments are active.
2021-06-08  8:33:39 0 [Note] InnoDB: Creating shared tablespace for temporary tables
2021-06-08  8:33:39 0 [Note] InnoDB: Setting file 'C:\wnmp\mariadb\data\ibtmp1' size to 12 MB. Physically writing the file full; Please wait ...
2021-06-08  8:33:39 0 [Note] InnoDB: File 'C:\wnmp\mariadb\data\ibtmp1' size is now 12 MB.
2021-06-08  8:33:39 0 [Note] InnoDB: Waiting for purge to start
2021-06-08  8:33:39 0 [Note] InnoDB: 10.4.19 started; log sequence number 32022006; transaction id 15756
2021-06-08  8:33:39 0 [Note] InnoDB: Loading buffer pool(s) from C:\wnmp\mariadb\data\ib_buffer_pool
2021-06-08  8:33:39 0 [Note] Plugin 'FEEDBACK' is disabled.
2021-06-08  8:33:39 0 [Note] Server socket created on IP: '::'.
2021-06-08  8:33:39 0 [Note] Reading of all Master_info entries succeeded
2021-06-08  8:33:39 0 [Note] Added new Master_info '' to hash table
2021-06-08  8:33:39 0 [Note] C:\wnmp\mariadb\bin\mysqld.exe: ready for connections.
Version: '10.4.19-MariaDB'  socket: ''  port: 3366  mariadb.org binary distribution
2021-06-08  8:33:39 0 [Note] InnoDB: Buffer pool(s) load completed at 210608  8:33:39
2021-06-08  8:34:46 8 [Warning] Aborted connection 8 to db: 'mysql' user: 'root' host: 'localhost' (Got an error reading communication packets)
2021-06-08  8:34:46 9 [Warning] Aborted connection 9 to db: 'mysql' user: 'root' host: 'localhost' (Got an error reading communication packets)
2021-06-08  8:34:49 0 [Note] C:\wnmp\mariadb\bin\mysqld.exe (initiated by: unknown): Normal shutdown
2021-06-08  8:34:49 0 [Note] Event Scheduler: Purging the queue. 0 events
2021-06-08  8:34:49 0 [Note] InnoDB: FTS optimize thread exiting.
2021-06-08  8:34:49 0 [Note] InnoDB: Starting shutdown...
2021-06-08  8:34:49 0 [Note] InnoDB: Dumping buffer pool(s) to C:\wnmp\mariadb\data\ib_buffer_pool
2021-06-08  8:34:49 0 [Note] InnoDB: Buffer pool(s) dump completed at 210608  8:34:49
2021-06-08  8:34:50 0 [Note] InnoDB: Removed temporary tablespace data file: "ibtmp1"
2021-06-08  8:34:50 0 [Note] InnoDB: Shutdown completed; log sequence number 34867497; transaction id 18593
2021-06-08  8:34:50 0 [Note] C:\wnmp\mariadb\bin\mysqld.exe: Shutdown complete

2021-06-08  8:34:58 0 [Note] Using unique option prefix 'myisam_recover' is error-prone and can break in the future. Please use the full name 'myisam-recover-options' instead.
2021-06-08  8:34:58 0 [Note] InnoDB: Mutexes and rw_locks use Windows interlocked functions
2021-06-08  8:34:58 0 [Note] InnoDB: Uses event mutexes
2021-06-08  8:34:58 0 [Note] InnoDB: Compressed tables use zlib 1.2.11
2021-06-08  8:34:58 0 [Note] InnoDB: Number of pools: 1
2021-06-08  8:34:58 0 [Note] InnoDB: Using SSE2 crc32 instructions
2021-06-08  8:34:58 0 [Note] InnoDB: Initializing buffer pool, total size = 512M, instances = 1, chunk size = 128M
2021-06-08  8:34:58 0 [Note] InnoDB: Completed initialization of buffer pool
2021-06-08  8:34:58 0 [Note] InnoDB: 128 out of 128 rollback segments are active.
2021-06-08  8:34:58 0 [Note] InnoDB: Creating shared tablespace for temporary tables
2021-06-08  8:34:58 0 [Note] InnoDB: Setting file 'C:\wnmp\mariadb\data\ibtmp1' size to 12 MB. Physically writing the file full; Please wait ...
2021-06-08  8:34:58 0 [Note] InnoDB: File 'C:\wnmp\mariadb\data\ibtmp1' size is now 12 MB.
2021-06-08  8:34:58 0 [Note] InnoDB: Waiting for purge to start
2021-06-08  8:34:58 0 [Note] InnoDB: 10.4.19 started; log sequence number 34867497; transaction id 18590
2021-06-08  8:34:58 0 [Note] Plugin 'FEEDBACK' is disabled.
2021-06-08  8:34:58 0 [Note] InnoDB: Loading buffer pool(s) from C:\wnmp\mariadb\data\ib_buffer_pool
2021-06-08  8:34:58 0 [Note] Server socket created on IP: '::'.
2021-06-08  8:34:58 0 [Note] InnoDB: Buffer pool(s) load completed at 210608  8:34:58
2021-06-08  8:34:58 0 [Note] Reading of all Master_info entries succeeded
2021-06-08  8:34:58 0 [Note] Added new Master_info '' to hash table
2021-06-08  8:34:58 0 [Note] C:\wnmp\mariadb\bin\mysqld.exe: ready for connections.
Version: '10.4.19-MariaDB'  socket: ''  port: 3366  mariadb.org binary distribution
2021-06-08  8:35:43 8 [Warning] Aborted connection 8 to db: 'information_schema' user: 'root' host: 'localhost' (Got an error reading communication packets)
2021-06-08  8:35:43 9 [Warning] Aborted connection 9 to db: 'information_schema' user: 'root' host: 'localhost' (Got an error reading communication packets)
2021-06-08  8:35:45 0 [Note] C:\wnmp\mariadb\bin\mysqld.exe (initiated by: unknown): Normal shutdown
2021-06-08  8:35:45 0 [Note] Event Scheduler: Purging the queue. 0 events
2021-06-08  8:35:45 0 [Note] InnoDB: FTS optimize thread exiting.
2021-06-08  8:35:45 0 [Note] InnoDB: Starting shutdown...
2021-06-08  8:35:45 0 [Note] InnoDB: Dumping buffer pool(s) to C:\wnmp\mariadb\data\ib_buffer_pool
2021-06-08  8:35:45 0 [Note] InnoDB: Buffer pool(s) dump completed at 210608  8:35:45
2021-06-08  8:35:46 0 [Note] InnoDB: Removed temporary tablespace data file: "ibtmp1"
2021-06-08  8:35:46 0 [Note] InnoDB: Shutdown completed; log sequence number 34867506; transaction id 18591
2021-06-08  8:35:46 0 [Note] C:\wnmp\mariadb\bin\mysqld.exe: Shutdown complete

2021-06-08  8:37:17 0 [Note] Using unique option prefix 'myisam_recover' is error-prone and can break in the future. Please use the full name 'myisam-recover-options' instead.
2021-06-08  8:37:17 0 [Note] InnoDB: Mutexes and rw_locks use Windows interlocked functions
2021-06-08  8:37:17 0 [Note] InnoDB: Uses event mutexes
2021-06-08  8:37:17 0 [Note] InnoDB: Compressed tables use zlib 1.2.11
2021-06-08  8:37:17 0 [Note] InnoDB: Number of pools: 1
2021-06-08  8:37:17 0 [Note] InnoDB: Using SSE2 crc32 instructions
2021-06-08  8:37:17 0 [Note] InnoDB: Initializing buffer pool, total size = 512M, instances = 1, chunk size = 128M
2021-06-08  8:37:17 0 [Note] InnoDB: Completed initialization of buffer pool
2021-06-08  8:37:17 0 [Note] InnoDB: 128 out of 128 rollback segments are active.
2021-06-08  8:37:17 0 [Note] InnoDB: Creating shared tablespace for temporary tables
2021-06-08  8:37:17 0 [Note] InnoDB: Setting file 'C:\wnmp\mariadb\data\ibtmp1' size to 12 MB. Physically writing the file full; Please wait ...
2021-06-08  8:37:17 0 [Note] InnoDB: File 'C:\wnmp\mariadb\data\ibtmp1' size is now 12 MB.
2021-06-08  8:37:17 0 [Note] InnoDB: Waiting for purge to start
2021-06-08  8:37:17 0 [Note] InnoDB: 10.4.19 started; log sequence number 34867506; transaction id 18590
2021-06-08  8:37:17 0 [Note] InnoDB: Loading buffer pool(s) from C:\wnmp\mariadb\data\ib_buffer_pool
2021-06-08  8:37:18 0 [Note] Plugin 'FEEDBACK' is disabled.
2021-06-08  8:37:18 0 [Note] Server socket created on IP: '::'.
2021-06-08  8:37:18 0 [Note] InnoDB: Buffer pool(s) load completed at 210608  8:37:18
2021-06-08  8:37:18 0 [Note] Reading of all Master_info entries succeeded
2021-06-08  8:37:18 0 [Note] Added new Master_info '' to hash table
2021-06-08  8:37:18 0 [Note] C:\wnmp\mariadb\bin\mysqld.exe: ready for connections.
Version: '10.4.19-MariaDB'  socket: ''  port: 3366  mariadb.org binary distribution
2021-06-08  8:37:23 0 [Note] C:\wnmp\mariadb\bin\mysqld.exe (initiated by: unknown): Normal shutdown
2021-06-08  8:37:23 0 [Note] Event Scheduler: Purging the queue. 0 events
2021-06-08  8:37:23 0 [Note] InnoDB: FTS optimize thread exiting.
2021-06-08  8:37:23 0 [Note] InnoDB: Starting shutdown...
2021-06-08  8:37:23 0 [Note] InnoDB: Dumping buffer pool(s) to C:\wnmp\mariadb\data\ib_buffer_pool
2021-06-08  8:37:23 0 [Note] InnoDB: Buffer pool(s) dump completed at 210608  8:37:23
2021-06-08  8:37:24 0 [Note] InnoDB: Removed temporary tablespace data file: "ibtmp1"
2021-06-08  8:37:24 0 [Note] InnoDB: Shutdown completed; log sequence number 34867515; transaction id 18591
2021-06-08  8:37:24 0 [Note] C:\wnmp\mariadb\bin\mysqld.exe: Shutdown complete

2021-06-12  7:41:00 0 [Note] Using unique option prefix 'myisam_recover' is error-prone and can break in the future. Please use the full name 'myisam-recover-options' instead.
2021-06-12  7:41:00 0 [Note] InnoDB: Mutexes and rw_locks use Windows interlocked functions
2021-06-12  7:41:00 0 [Note] InnoDB: Uses event mutexes
2021-06-12  7:41:00 0 [Note] InnoDB: Compressed tables use zlib 1.2.11
2021-06-12  7:41:00 0 [Note] InnoDB: Number of pools: 1
2021-06-12  7:41:00 0 [Note] InnoDB: Using SSE2 crc32 instructions
2021-06-12  7:41:00 0 [Note] InnoDB: Initializing buffer pool, total size = 512M, instances = 1, chunk size = 128M
2021-06-12  7:41:00 0 [Note] InnoDB: Completed initialization of buffer pool
2021-06-12  7:41:00 0 [Note] InnoDB: 128 out of 128 rollback segments are active.
2021-06-12  7:41:00 0 [Note] InnoDB: Creating shared tablespace for temporary tables
2021-06-12  7:41:00 0 [Note] InnoDB: Setting file 'C:\wnmp\mariadb\data\ibtmp1' size to 12 MB. Physically writing the file full; Please wait ...
2021-06-12  7:41:00 0 [Note] InnoDB: File 'C:\wnmp\mariadb\data\ibtmp1' size is now 12 MB.
2021-06-12  7:41:00 0 [Note] InnoDB: Waiting for purge to start
2021-06-12  7:41:00 0 [Note] InnoDB: 10.4.19 started; log sequence number 34867515; transaction id 18590
2021-06-12  7:41:00 0 [Note] InnoDB: Loading buffer pool(s) from C:\wnmp\mariadb\data\ib_buffer_pool
2021-06-12  7:41:00 0 [Note] Plugin 'FEEDBACK' is disabled.
2021-06-12  7:41:00 0 [Note] Server socket created on IP: '::'.
2021-06-12  7:41:00 0 [Note] InnoDB: Buffer pool(s) load completed at 210612  7:41:00
2021-06-12  7:41:00 0 [Note] Reading of all Master_info entries succeeded
2021-06-12  7:41:00 0 [Note] Added new Master_info '' to hash table
2021-06-12  7:41:00 0 [Note] C:\wnmp\mariadb\bin\mysqld.exe: ready for connections.
Version: '10.4.19-MariaDB'  socket: ''  port: 3366  mariadb.org binary distribution
2021-06-12  7:41:32 0 [Note] C:\wnmp\mariadb\bin\mysqld.exe (initiated by: unknown): Normal shutdown
2021-06-12  7:41:32 0 [Note] Event Scheduler: Purging the queue. 0 events
2021-06-12  7:41:32 0 [Note] InnoDB: FTS optimize thread exiting.
2021-06-12  7:41:32 0 [Note] InnoDB: Starting shutdown...
2021-06-12  7:41:32 0 [Note] InnoDB: Dumping buffer pool(s) to C:\wnmp\mariadb\data\ib_buffer_pool
2021-06-12  7:41:32 0 [Note] InnoDB: Buffer pool(s) dump completed at 210612  7:41:32
2021-06-12  7:41:32 0 [Note] InnoDB: Removed temporary tablespace data file: "ibtmp1"
2021-06-12  7:41:32 0 [Note] InnoDB: Shutdown completed; log sequence number 34867524; transaction id 18591
2021-06-12  7:41:32 0 [Note] C:\wnmp\mariadb\bin\mysqld.exe: Shutdown complete

